2022-10-13 13:09:58,515 - basicLogger - INFO - Received event drive request with a trace id of 66bf0580-f76c-414d-b2d2-8df2e5d222eb
2022-10-13 13:09:58,515 - basicLogger - INFO - Returned event drive response with a trace id of 66bf0580-f76c-414d-b2d2-8df2e5d222eb
2022-10-13 13:10:09,022 - basicLogger - INFO - Received event drive request with a trace id of 16cc5668-0ea8-4f8d-b840-1fa79d8e96d0
2022-10-13 13:10:09,022 - basicLogger - INFO - Returned event drive response with a trace id of 16cc5668-0ea8-4f8d-b840-1fa79d8e96d0
2022-10-13 13:10:10,492 - basicLogger - INFO - Received event drive request with a trace id of 9fa3d278-312a-4d32-9165-52c1179182cb
2022-10-13 13:10:10,492 - basicLogger - INFO - Returned event drive response with a trace id of 9fa3d278-312a-4d32-9165-52c1179182cb
2022-10-13 13:12:31,477 - basicLogger - INFO - Received event drive request with a trace id of 4b96ef06-6420-480a-bc35-18bed8e45ac4
2022-10-13 13:12:31,477 - basicLogger - INFO - Returned event drive response with a trace id of 4b96ef06-6420-480a-bc35-18bed8e45ac4
2022-10-13 13:15:46,844 - basicLogger - INFO - Received event drive request with a trace id of 20bb375d-bd96-4a42-be01-c8115a7466b2
2022-10-13 13:15:46,844 - basicLogger - INFO - Returned event drive response with a trace id of 20bb375d-bd96-4a42-be01-c8115a7466b2
2022-10-13 14:07:57,216 - basicLogger - INFO - Received event drive request with a trace id of 92c6f964-2e89-4fe0-9047-5e41afcba017
2022-10-13 14:07:57,216 - basicLogger - INFO - Returned event drive response with a trace id of 92c6f964-2e89-4fe0-9047-5e41afcba017
2022-10-13 14:09:14,689 - basicLogger - INFO - Received event drive request with a trace id of 10ac2617-e3ab-4bde-b90f-3abc32e8753e
2022-10-13 14:09:14,689 - basicLogger - INFO - Returned event drive response with a trace id of 10ac2617-e3ab-4bde-b90f-3abc32e8753e
2022-10-27 14:50:50,917 - basicLogger - INFO - Received event drive request with a trace id of 622577ef-1530-4d23-a47d-a8b908d4ef7c
2022-10-27 14:50:50,918 - basicLogger - INFO - Returned event drive response with a trace id of 622577ef-1530-4d23-a47d-a8b908d4ef7c
2022-10-29 18:52:35,077 - basicLogger - INFO - Received event drive request with a trace id of 0cc71397-00a3-4cdd-880e-0974c63a7231
2022-10-29 18:52:35,077 - basicLogger - INFO - Returned event drive response with a trace id of 0cc71397-00a3-4cdd-880e-0974c63a7231
2022-10-29 18:54:57,960 - basicLogger - INFO - Received event drive request with a trace id of 441005cb-9143-4c6e-b625-01f50da5f7f6
2022-10-29 18:54:57,960 - basicLogger - INFO - Returned event drive response with a trace id of 441005cb-9143-4c6e-b625-01f50da5f7f6
2022-10-29 19:54:31,448 - basicLogger - INFO - Received event drive request with a trace id of 6ac09e88-237d-44c8-9f15-5bb3c40d0a9c
2022-10-29 19:54:31,449 - basicLogger - INFO - Returned event drive response with a trace id of 6ac09e88-237d-44c8-9f15-5bb3c40d0a9c
2022-10-29 19:55:04,756 - basicLogger - INFO - Received event drive request with a trace id of ba1077a5-2bac-4801-ab87-c0311c929ce9
2022-10-29 19:55:04,757 - basicLogger - INFO - Returned event drive response with a trace id of ba1077a5-2bac-4801-ab87-c0311c929ce9
2022-10-29 19:57:58,673 - basicLogger - INFO - Received event drive request with a trace id of 8e047774-0603-4e9e-a10d-04a126772113
2022-10-29 19:57:58,674 - basicLogger - INFO - Returned event drive response with a trace id of 8e047774-0603-4e9e-a10d-04a126772113
2022-10-29 20:00:13,125 - basicLogger - INFO - Received event drive request with a trace id of 5ad5ee3d-2218-40ce-ac25-5f2e01551574
2022-10-29 20:00:13,125 - basicLogger - INFO - Returned event drive response with a trace id of 5ad5ee3d-2218-40ce-ac25-5f2e01551574
2022-10-29 20:00:56,051 - basicLogger - INFO - Received event drive request with a trace id of 09beeb85-69f8-45a9-9855-ef37a43c1146
2022-10-29 20:00:56,051 - basicLogger - INFO - Returned event drive response with a trace id of 09beeb85-69f8-45a9-9855-ef37a43c1146
2022-10-29 20:06:37,601 - basicLogger - INFO - Received event drive request with a trace id of bbf67a49-32e4-4ac6-af09-f8b64db3d40b
2022-10-29 20:06:37,601 - basicLogger - INFO - Returned event drive response with a trace id of bbf67a49-32e4-4ac6-af09-f8b64db3d40b
2022-10-29 22:23:15,700 - basicLogger - INFO - Received event drive request with a trace id of 7d048280-2c43-495f-8c46-703546653263
2022-10-29 22:23:15,700 - basicLogger - INFO - Returned event drive response with a trace id of 7d048280-2c43-495f-8c46-703546653263
2022-10-29 22:27:13,181 - basicLogger - INFO - Received event drive request with a trace id of 0c40446d-1f6f-4b09-a987-4b19f36d668e
2022-10-29 22:27:13,181 - basicLogger - INFO - Returned event drive response with a trace id of 0c40446d-1f6f-4b09-a987-4b19f36d668e
2022-10-29 22:27:25,765 - basicLogger - INFO - Received event drive request with a trace id of 26e25051-eceb-4c0b-81af-50f288cc257e
2022-10-29 22:27:25,765 - basicLogger - INFO - Returned event drive response with a trace id of 26e25051-eceb-4c0b-81af-50f288cc257e
2022-10-29 22:27:28,879 - basicLogger - INFO - Received event drive request with a trace id of e64c4d13-64e0-4761-bd2b-f5db37b43b6c
2022-10-29 22:27:28,879 - basicLogger - INFO - Returned event drive response with a trace id of e64c4d13-64e0-4761-bd2b-f5db37b43b6c
2022-10-29 23:57:04,890 - basicLogger - INFO - Received event drive request with a trace id of facf3e69-72f0-45e7-9274-b72416cacb43
2022-10-29 23:57:04,890 - basicLogger - INFO - Returned event drive response with a trace id of facf3e69-72f0-45e7-9274-b72416cacb43
2022-10-29 23:58:50,524 - basicLogger - INFO - Received event drive request with a trace id of 733ac1fa-3364-4ace-a5bb-d15c8d717fdc
2022-10-29 23:58:50,524 - basicLogger - INFO - Returned event drive response with a trace id of 733ac1fa-3364-4ace-a5bb-d15c8d717fdc
2022-10-29 23:58:56,000 - basicLogger - INFO - Received event drive request with a trace id of ef29bcda-d255-4d9b-8320-92538530ca9e
2022-10-29 23:58:56,000 - basicLogger - INFO - Returned event drive response with a trace id of ef29bcda-d255-4d9b-8320-92538530ca9e
2022-10-30 00:13:09,862 - basicLogger - INFO - Received event drive request with a trace id of 330a639e-441e-4b9b-8eaf-fb5ee07319c5
2022-10-30 00:13:09,862 - basicLogger - INFO - Returned event drive response with a trace id of 330a639e-441e-4b9b-8eaf-fb5ee07319c5
2022-10-30 00:29:16,190 - basicLogger - INFO - Received event drive request with a trace id of 53f1c754-c871-4346-9a7b-1ab846a20eeb
2022-10-30 00:29:16,190 - basicLogger - INFO - Returned event drive response with a trace id of 53f1c754-c871-4346-9a7b-1ab846a20eeb
2022-10-30 00:29:17,426 - basicLogger - INFO - Received event drive request with a trace id of 5f098b2b-8926-44f5-875b-8e3f7a144881
2022-10-30 00:29:17,426 - basicLogger - INFO - Returned event drive response with a trace id of 5f098b2b-8926-44f5-875b-8e3f7a144881
2022-10-30 00:29:39,513 - basicLogger - INFO - Received event drive request with a trace id of 67c0da8b-4b83-41f8-b3ec-6d156a8f93b0
2022-10-30 00:29:39,513 - basicLogger - INFO - Returned event drive response with a trace id of 67c0da8b-4b83-41f8-b3ec-6d156a8f93b0
2022-10-30 00:34:43,767 - basicLogger - INFO - Received event drive request with a trace id of 2c04e9cf-ba8c-4910-91eb-7df6e67a85ff
2022-10-30 00:34:43,767 - basicLogger - INFO - Returned event drive response with a trace id of 2c04e9cf-ba8c-4910-91eb-7df6e67a85ff
2022-10-30 00:37:54,561 - basicLogger - INFO - Received event drive request with a trace id of f1053fb0-82f2-49ad-a43f-20769d52e2e4
2022-10-30 00:37:54,561 - basicLogger - INFO - Returned event drive response with a trace id of f1053fb0-82f2-49ad-a43f-20769d52e2e4
2022-10-30 00:44:23,828 - basicLogger - INFO - Received event drive request with a trace id of 372901e6-7996-4c85-ada8-25d5a5ea1a21
2022-10-30 00:44:23,829 - basicLogger - INFO - Returned event drive response with a trace id of 372901e6-7996-4c85-ada8-25d5a5ea1a21
2022-10-30 00:47:26,065 - basicLogger - INFO - Received event drive request with a trace id of 30471192-4c5a-4783-b6ca-38b5af4730b1
2022-10-30 00:47:26,065 - basicLogger - INFO - Returned event drive response with a trace id of 30471192-4c5a-4783-b6ca-38b5af4730b1
2022-10-30 00:53:49,186 - basicLogger - INFO - Received event drive request with a trace id of 3196d6f1-9865-4c26-b536-44aee02a079c
2022-10-30 00:53:49,186 - basicLogger - INFO - Returned event drive response with a trace id of 3196d6f1-9865-4c26-b536-44aee02a079c
2022-10-30 00:54:10,660 - basicLogger - INFO - Received event drive request with a trace id of 4685080b-71ed-4f40-9e3d-3060b4db0c80
2022-10-30 00:54:10,660 - basicLogger - INFO - Returned event drive response with a trace id of 4685080b-71ed-4f40-9e3d-3060b4db0c80
2022-10-30 00:54:18,287 - basicLogger - INFO - Received event drive request with a trace id of eda5cccd-38cf-4a9d-b7c7-5da205887b06
2022-10-30 00:54:18,287 - basicLogger - INFO - Returned event drive response with a trace id of eda5cccd-38cf-4a9d-b7c7-5da205887b06
2022-10-30 00:54:24,126 - basicLogger - INFO - Received event drive request with a trace id of 21180eff-fb50-49d0-83b8-1cca9764dff4
2022-10-30 00:54:24,127 - basicLogger - INFO - Returned event drive response with a trace id of 21180eff-fb50-49d0-83b8-1cca9764dff4
2022-11-01 17:43:39,770 - basicLogger - INFO - Received event drive request with a trace id of f5726e8b-827f-41a6-b4fd-13c2aabb3fd3
2022-11-01 17:43:39,770 - basicLogger - INFO - Returned event drive response with a trace id of f5726e8b-827f-41a6-b4fd-13c2aabb3fd3
2022-11-01 22:21:32,814 - basicLogger - INFO - Received event drive request with a trace id of 71ba200f-5d4c-49b5-9c29-fb0e76c6bbe0
2022-11-01 22:21:32,815 - basicLogger - INFO - Returned event drive response with a trace id of 71ba200f-5d4c-49b5-9c29-fb0e76c6bbe0
2022-11-01 22:21:41,147 - basicLogger - INFO - Received event drive request with a trace id of cf146a0f-14e8-4d02-bf4c-0cb8772368b8
2022-11-01 22:21:41,148 - basicLogger - INFO - Returned event drive response with a trace id of cf146a0f-14e8-4d02-bf4c-0cb8772368b8
2022-11-01 23:30:48,093 - basicLogger - INFO - Received event drive request with a trace id of 16b240a5-2655-49bb-8950-35538bdca697
2022-11-01 23:30:48,095 - basicLogger - INFO - Returned event drive response with a trace id of 16b240a5-2655-49bb-8950-35538bdca697
2022-11-09 22:48:17,256 - basicLogger - INFO - Received event drive request with a trace id of 97e57175-7357-4643-8828-00b7e16485fe
2022-11-09 22:48:17,257 - basicLogger - INFO - Returned event drive response with a trace id of 97e57175-7357-4643-8828-00b7e16485fe
2022-11-09 22:55:12,670 - basicLogger - INFO - Received event drive request with a trace id of 37cf0a11-e384-41c0-9114-755c93fd395a
2022-11-09 22:55:12,670 - basicLogger - INFO - Returned event drive response with a trace id of 37cf0a11-e384-41c0-9114-755c93fd395a
2022-11-09 22:58:55,775 - basicLogger - INFO - Received event drive request with a trace id of 194c6fbc-2cbf-4f46-b80b-6a8038d8a2c2
2022-11-09 22:58:55,776 - basicLogger - INFO - Returned event drive response with a trace id of 194c6fbc-2cbf-4f46-b80b-6a8038d8a2c2
2022-11-20 21:24:29,060 - basicLogger - INFO - Connected to kafka !!!
2022-11-20 21:24:31,041 - basicLogger - INFO - Connected to kafka !!!
